23:36:05.841 INFO [GridLauncherV3.launch] - Selenium build info: version: '3.14.0', revision: 'aacccce0'
23:36:05.842 INFO [GridLauncherV3$1.launch] - Launching a standalone Selenium Server on port 4444
2018-08-22 23:36:05.960:INFO::main: Logging initialized @448ms to org.seleniumhq.jetty9.util.log.StdErrLog
23:36:06.185 INFO [SeleniumServer.boot] - Selenium Server is up and running on port 4444
23:36:06.619 INFO [ActiveSessionFactory.apply] - Capabilities are: {
  "acceptSslCerts": true,
  "browserName": "chrome",
  "chromeOptions": {
    "args": [
      "disable-web-security",
      "ignore-certificate-errors",
      "--test-type"
    ]
  },
  "javascriptEnabled": true,
  "name": "Orig Testcases \u002f Testcase3"
}
23:36:06.620 INFO [ActiveSessionFactory.lambda$apply$11] - Matched factory org.openqa.selenium.remote.server.ServicedSession$Factory (provider: org.openqa.selenium.chrome.ChromeDriverService)
Starting ChromeDriver 2.41.578706 (5f725d1b4f0a4acbf5259df887244095596231db) on port 7935
Only local connections are allowed.
23:36:08.118 INFO [ProtocolHandshake.createSession] - Detected dialect: OSS
23:36:08.491 INFO [RemoteSession$Factory.lambda$performHandshake$0] - Started new session 6415f100cb16f541c99bacf3a94959b8 (org.openqa.selenium.chrome.ChromeDriverService)
23:36:19.525 INFO [ActiveSessions$1.onStop] - Removing session 6415f100cb16f541c99bacf3a94959b8 (org.openqa.selenium.chrome.ChromeDriverService)
